  Source.cpp
C:\Users\Eliaz\Desktop\c++ 1\Sender\Sender\Source.cpp(33,1): warning C4566: character represented by universal-character-name '\u2588' cannot be represented in the current code page (1252)
C:\Users\Eliaz\Desktop\c++ 1\Sender\Sender\Source.cpp(33,1): warning C4566: character represented by universal-character-name '\u2557' cannot be represented in the current code page (1252)
C:\Users\Eliaz\Desktop\c++ 1\Sender\Sender\Source.cpp(34,1): warning C4566: character represented by universal-character-name '\u2588' cannot be represented in the current code page (1252)
C:\Users\Eliaz\Desktop\c++ 1\Sender\Sender\Source.cpp(34,1): warning C4566: character represented by universal-character-name '\u2554' cannot be represented in the current code page (1252)
C:\Users\Eliaz\Desktop\c++ 1\Sender\Sender\Source.cpp(34,1): warning C4566: character represented by universal-character-name '\u2550' cannot be represented in the current code page (1252)
C:\Users\Eliaz\Desktop\c++ 1\Sender\Sender\Source.cpp(34,1): warning C4566: character represented by universal-character-name '\u2557' cannot be represented in the current code page (1252)
C:\Users\Eliaz\Desktop\c++ 1\Sender\Sender\Source.cpp(34,1): warning C4566: character represented by universal-character-name '\u2551' cannot be represented in the current code page (1252)
C:\Users\Eliaz\Desktop\c++ 1\Sender\Sender\Source.cpp(34,1): warning C4566: character represented by universal-character-name '\u255D' cannot be represented in the current code page (1252)
C:\Users\Eliaz\Desktop\c++ 1\Sender\Sender\Source.cpp(34,1): warning C4566: character represented by universal-character-name '\u255A' cannot be represented in the current code page (1252)
C:\Users\Eliaz\Desktop\c++ 1\Sender\Sender\Source.cpp(35,1): warning C4566: character represented by universal-character-name '\u2588' cannot be represented in the current code page (1252)
C:\Users\Eliaz\Desktop\c++ 1\Sender\Sender\Source.cpp(35,1): warning C4566: character represented by universal-character-name '\u2551' cannot be represented in the current code page (1252)
C:\Users\Eliaz\Desktop\c++ 1\Sender\Sender\Source.cpp(35,1): warning C4566: character represented by universal-character-name '\u2557' cannot be represented in the current code page (1252)
C:\Users\Eliaz\Desktop\c++ 1\Sender\Sender\Source.cpp(36,1): warning C4566: character represented by universal-character-name '\u2588' cannot be represented in the current code page (1252)
C:\Users\Eliaz\Desktop\c++ 1\Sender\Sender\Source.cpp(36,1): warning C4566: character represented by universal-character-name '\u2551' cannot be represented in the current code page (1252)
C:\Users\Eliaz\Desktop\c++ 1\Sender\Sender\Source.cpp(36,1): warning C4566: character represented by universal-character-name '\u2584' cannot be represented in the current code page (1252)
C:\Users\Eliaz\Desktop\c++ 1\Sender\Sender\Source.cpp(36,1): warning C4566: character represented by universal-character-name '\u2554' cannot be represented in the current code page (1252)
C:\Users\Eliaz\Desktop\c++ 1\Sender\Sender\Source.cpp(36,1): warning C4566: character represented by universal-character-name '\u2550' cannot be represented in the current code page (1252)
C:\Users\Eliaz\Desktop\c++ 1\Sender\Sender\Source.cpp(36,1): warning C4566: character represented by universal-character-name '\u255D' cannot be represented in the current code page (1252)
C:\Users\Eliaz\Desktop\c++ 1\Sender\Sender\Source.cpp(37,1): warning C4566: character represented by universal-character-name '\u255A' cannot be represented in the current code page (1252)
C:\Users\Eliaz\Desktop\c++ 1\Sender\Sender\Source.cpp(37,1): warning C4566: character represented by universal-character-name '\u2588' cannot be represented in the current code page (1252)
C:\Users\Eliaz\Desktop\c++ 1\Sender\Sender\Source.cpp(37,1): warning C4566: character represented by universal-character-name '\u2554' cannot be represented in the current code page (1252)
C:\Users\Eliaz\Desktop\c++ 1\Sender\Sender\Source.cpp(37,1): warning C4566: character represented by universal-character-name '\u255D' cannot be represented in the current code page (1252)
C:\Users\Eliaz\Desktop\c++ 1\Sender\Sender\Source.cpp(37,1): warning C4566: character represented by universal-character-name '\u2557' cannot be represented in the current code page (1252)
C:\Users\Eliaz\Desktop\c++ 1\Sender\Sender\Source.cpp(37,1): warning C4566: character represented by universal-character-name '\u2551' cannot be represented in the current code page (1252)
C:\Users\Eliaz\Desktop\c++ 1\Sender\Sender\Source.cpp(38,1): warning C4566: character represented by universal-character-name '\u255A' cannot be represented in the current code page (1252)
C:\Users\Eliaz\Desktop\c++ 1\Sender\Sender\Source.cpp(38,1): warning C4566: character represented by universal-character-name '\u2550' cannot be represented in the current code page (1252)
C:\Users\Eliaz\Desktop\c++ 1\Sender\Sender\Source.cpp(38,1): warning C4566: character represented by universal-character-name '\u2580' cannot be represented in the current code page (1252)
C:\Users\Eliaz\Desktop\c++ 1\Sender\Sender\Source.cpp(38,1): warning C4566: character represented by universal-character-name '\u255D' cannot be represented in the current code page (1252)
  Sender.vcxproj -> C:\Users\Eliaz\Desktop\c++ 1\Sender\Debug\Sender.exe
